<?xml version="1.0" encoding="UTF-8"?>
<testng-results ignored="0" total="1" passed="1" failed="0" skipped="0">
  <reporter-output>
  </reporter-output>
  <suite started-at="2021-03-05T12:54:57 IST" name="Default suite" finished-at="2021-03-05T12:55:23 IST" duration-ms="26232">
    <groups>
    </groups>
    <test started-at="2021-03-05T12:54:57 IST" name="Default test" finished-at="2021-03-05T12:55:23 IST" duration-ms="26232">
      <class name="src.Assign_4_5_VerifyPin">
        <test-method signature="name()[pri:0, instance:src.Assign_4_5_VerifyPin@4bb33f74]" started-at="2021-03-05T12:54:57 IST" name="name" finished-at="2021-03-05T12:55:23 IST" duration-ms="26145" status="PASS">
          <reporter-output>
          </reporter-output>
        </test-method> <!-- name -->
      </class> <!-- src.Assign_4_5_VerifyPin -->
    </test> <!-- Default test -->
  </suite> <!-- Default suite -->
</testng-results>
