<?xml version="1.0" encoding="UTF-8"?>
<!-- Generated by org.testng.reporters.JUnitXMLReporter -->
<testsuite ignored="0" hostname="DESKTOP-S2I7VH9" failures="0" tests="3" name="Default test" time="19.407" errors="0" timestamp="2021-03-07T16:25:40 IST">
  <testcase classname="src.DataproviderAssignment" name="testMethod" time="3.281"/>
  <testcase classname="src.DataproviderAssignment" name="testMethod" time="3.171"/>
  <testcase classname="src.DataproviderAssignment" name="testMethod" time="3.234"/>
</testsuite> <!-- Default test -->
