<?xml version="1.0" encoding="UTF-8"?>
<!-- Generated by org.testng.reporters.JUnitXMLReporter -->
<testsuite ignored="0" hostname="DESKTOP-S2I7VH9" failures="0" tests="15" name="Test" time="375.0" errors="0" timestamp="2021-03-07T16:42:25 IST">
  <testcase classname="src.Assign_4_4_ReadExcel" name="test_1" time="1.025"/>
  <testcase classname="src.Assign_4_5_VerifyPin" name="name" time="24.135"/>
  <testcase classname="src.Assignment_4_2" name="test_1" time="39.911"/>
  <testcase classname="src.BootstrapDropdown" name="test_1" time="48.235"/>
  <testcase classname="src.BrokenLinks" name="test_1" time="138.409"/>
  <testcase classname="src.DataproviderAssignment" name="testMethod" time="3.421"/>
  <testcase classname="src.DataproviderAssignment" name="testMethod" time="3.293"/>
  <testcase classname="src.DataproviderAssignment" name="testMethod" time="3.327"/>
  <testcase classname="src.DragAndDropOperation" name="test_1" time="12.104"/>
  <testcase classname="src.GoogleSearchWebPage" name="name" time="10.305"/>
  <testcase classname="src.ReadDataFromConfig" name="test_1" time="11.392"/>
  <testcase classname="src.ScrollingWebPage" name="test_1" time="19.006"/>
  <testcase classname="src.SendTextWithoutSendKey" name="test1" time="15.486"/>
  <testcase classname="src.SettingSizeOfBrowserWindow" name="test_1" time="10.294"/>
  <testcase classname="src.WindowPopupHandling" name="test_1" time="26.958"/>
</testsuite> <!-- Test -->
