<?xml version="1.0" encoding="UTF-8"?>
<!-- Generated by org.testng.reporters.JUnitXMLReporter -->
<testsuite ignored="0" hostname="DESKTOP-S2I7VH9" failures="0" tests="15" name="Test" time="374.745" errors="0" timestamp="2021-03-07T16:16:50 IST">
  <testcase classname="src.Assign_4_4_ReadExcel" name="test_1" time="3.368"/>
  <testcase classname="src.Assign_4_5_VerifyPin" name="name" time="17.4"/>
  <testcase classname="src.Assignment_4_2" name="test_1" time="43.8"/>
  <testcase classname="src.BootstrapDropdown" name="test_1" time="37.626"/>
  <testcase classname="src.BrokenLinks" name="test_1" time="141.576"/>
  <testcase classname="src.DataproviderAssignment" name="testMethod" time="3.336"/>
  <testcase classname="src.DataproviderAssignment" name="testMethod" time="3.299"/>
  <testcase classname="src.DataproviderAssignment" name="testMethod" time="3.224"/>
  <testcase classname="src.DragAndDropOperation" name="test_1" time="13.236"/>
  <testcase classname="src.GoogleSearchWebPage" name="name" time="15.505"/>
  <testcase classname="src.ReadDataFromConfig" name="test_1" time="12.999"/>
  <testcase classname="src.ScrollingWebPage" name="test_1" time="16.816"/>
  <testcase classname="src.SendTextWithoutSendKey" name="test1" time="15.839"/>
  <testcase classname="src.SettingSizeOfBrowserWindow" name="test_1" time="11.308"/>
  <testcase classname="src.WindowPopupHandling" name="test_1" time="28.906"/>
</testsuite> <!-- Test -->
